<?xml version="1.0" encoding="UTF-8"?>
<testng-results skipped="0" failed="0" ignored="0" total="1" passed="1">
  <reporter-output>
  </reporter-output>
  <suite name="Default suite" duration-ms="39204" started-at="2020-11-09T20:03:41 IST" finished-at="2020-11-09T20:04:20 IST">
    <groups>
    </groups>
    <test name="Default test" duration-ms="39204" started-at="2020-11-09T20:03:41 IST" finished-at="2020-11-09T20:04:20 IST">
      <class name="WebAutomation.ClearTrip.RoundTripTest">
        <test-method status="PASS" signature="launch()[pri:0, instance:WebAutomation.ClearTrip.RoundTripTest@32d2fa64]" name="launch" duration-ms="33901" started-at="2020-11-09T20:03:41 IST" finished-at="2020-11-09T20:04:15 IST">
          <reporter-output>
          </reporter-output>
        </test-method> <!-- launch -->
        <test-method status="PASS" signature="closebrowser()[pri:0, instance:WebAutomation.ClearTrip.RoundTripTest@32d2fa64]" name="closebrowser" is-config="true" duration-ms="5235" started-at="2020-11-09T20:04:15 IST" finished-at="2020-11-09T20:04:20 IST">
          <reporter-output>
          </reporter-output>
        </test-method> <!-- closebrowser -->
      </class> <!-- WebAutomation.ClearTrip.RoundTripTest -->
    </test> <!-- Default test -->
  </suite> <!-- Default suite -->
</testng-results>
